<?xml version="1.0" encoding="UTF-8"?>
<!-- Generated by org.testng.reporters.JUnitReportReporter -->
<testsuite hostname="LIN-5CG1348793" failures="0" tests="1" name="MbTestRunner.TestRunner" time="75.095" errors="0" timestamp="2024-04-18T15:33:05 IST" skipped="0">
  <testcase classname="MbTestRunner.TestRunner" name="runScenario" time="75.095"/>
</testsuite> <!-- MbTestRunner.TestRunner -->
